<?xml version="1.0" encoding="UTF-8"?>
<!-- Generated by org.testng.reporters.JUnitReportReporter -->
<testsuite skipped="0" hostname="DESKTOP-APBTOIM" name="com.flipkart.qa.testcase.LoginPageTest" tests="2" failures="0" timestamp="30 Jun 2021 04:03:26 GMT" time="29.312" errors="0">
  <testcase name="titleTest" time="11.824" classname="com.flipkart.qa.testcase.LoginPageTest"/>
  <testcase name="login" time="17.488" classname="com.flipkart.qa.testcase.LoginPageTest"/>
</testsuite> <!-- com.flipkart.qa.testcase.LoginPageTest -->
