<?xml version="1.0" encoding="UTF-8"?>
<!-- Generated by org.testng.reporters.JUnitReportReporter -->
<testsuite skipped="0" hostname="DESKTOP-APBTOIM" name="com.flipkart.qa.testcase.HomePageTest" tests="2" failures="0" timestamp="01 Jul 2021 18:21:02 GMT" time="66.066" errors="0">
  <testcase name="usernametest" time="20.010" classname="com.flipkart.qa.testcase.HomePageTest"/>
  <testcase name="searchitem" time="46.056" classname="com.flipkart.qa.testcase.HomePageTest"/>
</testsuite> <!-- com.flipkart.qa.testcase.HomePageTest -->
