<?xml version="1.0" encoding="UTF-8"?>
<!-- Generated by org.testng.reporters.JUnitReportReporter -->
<testsuite skipped="0" hostname="DESKTOP-APBTOIM" name="com.flipkart.qa.testcase.PaymentTest" tests="1" failures="0" timestamp="01 Jul 2021 19:05:41 GMT" time="68.223" errors="0">
  <testcase name="getMessage" time="68.223" classname="com.flipkart.qa.testcase.PaymentTest"/>
</testsuite> <!-- com.flipkart.qa.testcase.PaymentTest -->
