<?xml version="1.0" encoding="UTF-8"?>
<!-- Generated by org.testng.reporters.JUnitReportReporter -->
<testsuite skipped="0" hostname="DESKTOP-APBTOIM" name="com.flipkart.qa.testcase.LoginPageTest" tests="2" failures="0" timestamp="01 Jul 2021 18:21:02 GMT" time="37.955" errors="0">
  <testcase name="titleTest" time="12.827" classname="com.flipkart.qa.testcase.LoginPageTest"/>
  <testcase name="login" time="25.128" classname="com.flipkart.qa.testcase.LoginPageTest"/>
</testsuite> <!-- com.flipkart.qa.testcase.LoginPageTest -->
