<?xml version="1.0" encoding="UTF-8"?>
<!-- Generated by org.testng.reporters.JUnitReportReporter -->
<testsuite skipped="0" hostname="DESKTOP-APBTOIM" name="com.flipkart.qa.testcase.LoginPageTest" tests="2" failures="0" timestamp="01 Jul 2021 17:21:33 GMT" time="52.302" errors="0">
  <testcase name="titleTest" time="18.215" classname="com.flipkart.qa.testcase.LoginPageTest"/>
  <testcase name="login" time="34.087" classname="com.flipkart.qa.testcase.LoginPageTest"/>
</testsuite> <!-- com.flipkart.qa.testcase.LoginPageTest -->
